<?xml version="1.0" encoding="UTF-8"?>
<!-- Generated by org.testng.reporters.JUnitXMLReporter -->
<testsuite ignored="0" hostname="LAPTOP-B8A8UDTS" failures="0" tests="7" name="Default test" time="151.328" errors="0" timestamp="2023-03-08T01:23:56 EST">
  <testcase classname="testlayerlogin.SearchTest" name="validAllbutton" time="0.748"/>
  <testcase classname="testlayerlogin.SearchTest" name="validSearchKEYWORD" time="7.304"/>
  <testcase classname="testlayerlogin.SearchTest" name="validSearchDESCRIPTIONTEXT" time="7.149"/>
  <testcase classname="testlayerlogin.SearchTest" name="validSearchMODELNO" time="7.095"/>
  <testcase classname="testlayerlogin.SearchTest" name="validSearchPARTIALMODELNO" time="6.627"/>
  <testcase classname="testlayerlogin.SearchTest" name="validSearchPRODUCTRELEVANCY" time="7.194"/>
  <testcase classname="testlayerlogin.SearchTest" name="validSearchSORTBY" time="2.119"/>
</testsuite> <!-- Default test -->
