<?xml version="1.0" encoding="UTF-8"?>
<testng-results ignored="0" total="7" passed="7" failed="0" skipped="0">
  <reporter-output>
  </reporter-output>
  <suite started-at="2023-03-08T01:21:25 EST" name="Default suite" finished-at="2023-03-08T01:23:56 EST" duration-ms="151328">
    <groups>
    </groups>
    <test started-at="2023-03-08T01:21:25 EST" name="Default test" finished-at="2023-03-08T01:23:56 EST" duration-ms="151328">
      <class name="testlayerlogin.SearchTest">
        <test-method is-config="true" signature="initsetup()[pri:0, instance:testlayerlogin.SearchTest@333291e3]" started-at="2023-03-08T01:21:25 EST" name="initsetup" finished-at="2023-03-08T01:21:27 EST" duration-ms="2298" status="PASS">
          <reporter-output>
          </reporter-output>
        </test-method> <!-- initsetup -->
        <test-method signature="validAllbutton()[pri:1, instance:testlayerlogin.SearchTest@333291e3]" started-at="2023-03-08T01:21:27 EST" name="validAllbutton" finished-at="2023-03-08T01:21:28 EST" duration-ms="748" status="PASS">
          <reporter-output>
          </reporter-output>
        </test-method> <!-- validAllbutton -->
        <test-method is-config="true" signature="Close()[pri:0, instance:testlayerlogin.SearchTest@333291e3]" started-at="2023-03-08T01:21:28 EST" name="Close" finished-at="2023-03-08T01:21:28 EST" duration-ms="113" status="PASS">
          <reporter-output>
          </reporter-output>
        </test-method> <!-- Close -->
        <test-method is-config="true" signature="initsetup()[pri:0, instance:testlayerlogin.SearchTest@333291e3]" started-at="2023-03-08T01:21:28 EST" name="initsetup" finished-at="2023-03-08T01:21:30 EST" duration-ms="2407" status="PASS">
          <reporter-output>
          </reporter-output>
        </test-method> <!-- initsetup -->
        <test-method signature="validSearchKEYWORD()[pri:2, instance:testlayerlogin.SearchTest@333291e3]" started-at="2023-03-08T01:21:30 EST" name="validSearchKEYWORD" finished-at="2023-03-08T01:21:38 EST" duration-ms="7304" status="PASS">
          <reporter-output>
          </reporter-output>
        </test-method> <!-- validSearchKEYWORD -->
        <test-method is-config="true" signature="Close()[pri:0, instance:testlayerlogin.SearchTest@333291e3]" started-at="2023-03-08T01:21:38 EST" name="Close" finished-at="2023-03-08T01:21:54 EST" duration-ms="16224" status="PASS">
          <reporter-output>
          </reporter-output>
        </test-method> <!-- Close -->
        <test-method is-config="true" signature="initsetup()[pri:0, instance:testlayerlogin.SearchTest@333291e3]" started-at="2023-03-08T01:21:54 EST" name="initsetup" finished-at="2023-03-08T01:21:56 EST" duration-ms="2109" status="PASS">
          <reporter-output>
          </reporter-output>
        </test-method> <!-- initsetup -->
        <test-method signature="validSearchDESCRIPTIONTEXT()[pri:3, instance:testlayerlogin.SearchTest@333291e3]" started-at="2023-03-08T01:21:56 EST" name="validSearchDESCRIPTIONTEXT" finished-at="2023-03-08T01:22:03 EST" duration-ms="7149" status="PASS">
          <reporter-output>
          </reporter-output>
        </test-method> <!-- validSearchDESCRIPTIONTEXT -->
        <test-method is-config="true" signature="Close()[pri:0, instance:testlayerlogin.SearchTest@333291e3]" started-at="2023-03-08T01:22:03 EST" name="Close" finished-at="2023-03-08T01:22:19 EST" duration-ms="16196" status="PASS">
          <reporter-output>
          </reporter-output>
        </test-method> <!-- Close -->
        <test-method is-config="true" signature="initsetup()[pri:0, instance:testlayerlogin.SearchTest@333291e3]" started-at="2023-03-08T01:22:19 EST" name="initsetup" finished-at="2023-03-08T01:22:22 EST" duration-ms="2124" status="PASS">
          <reporter-output>
          </reporter-output>
        </test-method> <!-- initsetup -->
        <test-method signature="validSearchMODELNO()[pri:4, instance:testlayerlogin.SearchTest@333291e3]" started-at="2023-03-08T01:22:22 EST" name="validSearchMODELNO" finished-at="2023-03-08T01:22:29 EST" duration-ms="7095" status="PASS">
          <reporter-output>
          </reporter-output>
        </test-method> <!-- validSearchMODELNO -->
        <test-method is-config="true" signature="Close()[pri:0, instance:testlayerlogin.SearchTest@333291e3]" started-at="2023-03-08T01:22:29 EST" name="Close" finished-at="2023-03-08T01:22:45 EST" duration-ms="16218" status="PASS">
          <reporter-output>
          </reporter-output>
        </test-method> <!-- Close -->
        <test-method is-config="true" signature="initsetup()[pri:0, instance:testlayerlogin.SearchTest@333291e3]" started-at="2023-03-08T01:22:45 EST" name="initsetup" finished-at="2023-03-08T01:22:47 EST" duration-ms="2142" status="PASS">
          <reporter-output>
          </reporter-output>
        </test-method> <!-- initsetup -->
        <test-method signature="validSearchPARTIALMODELNO()[pri:5, instance:testlayerlogin.SearchTest@333291e3]" started-at="2023-03-08T01:22:47 EST" name="validSearchPARTIALMODELNO" finished-at="2023-03-08T01:22:54 EST" duration-ms="6627" status="PASS">
          <reporter-output>
          </reporter-output>
        </test-method> <!-- validSearchPARTIALMODELNO -->
        <test-method is-config="true" signature="Close()[pri:0, instance:testlayerlogin.SearchTest@333291e3]" started-at="2023-03-08T01:22:54 EST" name="Close" finished-at="2023-03-08T01:23:10 EST" duration-ms="16197" status="PASS">
          <reporter-output>
          </reporter-output>
        </test-method> <!-- Close -->
        <test-method is-config="true" signature="initsetup()[pri:0, instance:testlayerlogin.SearchTest@333291e3]" started-at="2023-03-08T01:23:10 EST" name="initsetup" finished-at="2023-03-08T01:23:12 EST" duration-ms="2251" status="PASS">
          <reporter-output>
          </reporter-output>
        </test-method> <!-- initsetup -->
        <test-method signature="validSearchPRODUCTRELEVANCY()[pri:6, instance:testlayerlogin.SearchTest@333291e3]" started-at="2023-03-08T01:23:12 EST" name="validSearchPRODUCTRELEVANCY" finished-at="2023-03-08T01:23:19 EST" duration-ms="7194" status="PASS">
          <reporter-output>
          </reporter-output>
        </test-method> <!-- validSearchPRODUCTRELEVANCY -->
        <test-method is-config="true" signature="Close()[pri:0, instance:testlayerlogin.SearchTest@333291e3]" started-at="2023-03-08T01:23:19 EST" name="Close" finished-at="2023-03-08T01:23:35 EST" duration-ms="16173" status="PASS">
          <reporter-output>
          </reporter-output>
        </test-method> <!-- Close -->
        <test-method is-config="true" signature="initsetup()[pri:0, instance:testlayerlogin.SearchTest@333291e3]" started-at="2023-03-08T01:23:35 EST" name="initsetup" finished-at="2023-03-08T01:23:38 EST" duration-ms="2320" status="PASS">
          <reporter-output>
          </reporter-output>
        </test-method> <!-- initsetup -->
        <test-method signature="validSearchSORTBY()[pri:7, instance:testlayerlogin.SearchTest@333291e3]" started-at="2023-03-08T01:23:38 EST" name="validSearchSORTBY" finished-at="2023-03-08T01:23:40 EST" duration-ms="2119" status="PASS">
          <reporter-output>
          </reporter-output>
        </test-method> <!-- validSearchSORTBY -->
        <test-method is-config="true" signature="Close()[pri:0, instance:testlayerlogin.SearchTest@333291e3]" started-at="2023-03-08T01:23:40 EST" name="Close" finished-at="2023-03-08T01:23:56 EST" duration-ms="16286" status="PASS">
          <reporter-output>
          </reporter-output>
        </test-method> <!-- Close -->
      </class> <!-- testlayerlogin.SearchTest -->
    </test> <!-- Default test -->
  </suite> <!-- Default suite -->
</testng-results>
